Analysis & Synthesis report for processinho
Wed Nov  9 15:58:21 2016
Quartus II 64-Bit Version 13.0.1 Build 232 06/12/2013 Service Pack 1.78 SJ Web Edition


---------------------
; Table of Contents ;
---------------------
  1. Legal Notice
  2. Analysis & Synthesis Summary
  3. Analysis & Synthesis Settings
  4. Parallel Compilation
  5. Analysis & Synthesis Source Files Read
  6. Analysis & Synthesis Resource Usage Summary
  7. Analysis & Synthesis Resource Utilization by Entity
  8. General Register Statistics
  9. Multiplexer Restructuring Statistics (Restructuring Performed)
 10. Parameter Settings for Inferred Entity Instance: ula:m_ula|lpm_mult:Mult0
 11. Parameter Settings for Inferred Entity Instance: ula:m_ula|lpm_divide:Div0
 12. Parameter Settings for Inferred Entity Instance: lpm_divide:Mod0
 13. Parameter Settings for Inferred Entity Instance: lpm_divide:Div1
 14. Parameter Settings for Inferred Entity Instance: lpm_divide:Mod1
 15. Parameter Settings for Inferred Entity Instance: lpm_divide:Div2
 16. Parameter Settings for Inferred Entity Instance: lpm_divide:Div4
 17. Parameter Settings for Inferred Entity Instance: lpm_divide:Mod2
 18. Parameter Settings for Inferred Entity Instance: lpm_divide:Div5
 19. lpm_mult Parameter Settings by Entity Instance
 20. Port Connectivity Checks: "BCDdecode:display3"
 21. Port Connectivity Checks: "BCDdecode:display2"
 22. Port Connectivity Checks: "BCDdecode:display1"
 23. Port Connectivity Checks: "BCDdecode:display0"
 24. Port Connectivity Checks: "ula:m_ula"
 25. Port Connectivity Checks: "general_register:regB"
 26. Elapsed Time Per Partition
 27. Analysis & Synthesis Messages



----------------
; Legal Notice ;
----------------
Copyright (C) 1991-2013 Altera Corporation
Your use of Altera Corporation's design tools, logic functions 
and other software and tools, and its AMPP partner logic 
functions, and any output files from any of the foregoing 
(including device programming or simulation files), and any 
associated documentation or information are expressly subject 
to the terms and conditions of the Altera Program License 
Subscription Agreement, Altera MegaCore Function License 
Agreement, or other applicable license agreement, including, 
without limitation, that your use is for the sole purpose of 
programming logic devices manufactured by Altera and sold by 
Altera or its authorized distributors.  Please refer to the 
applicable agreement for further details.



+-----------------------------------------------------------------------------------------+
; Analysis & Synthesis Summary                                                            ;
+------------------------------------+----------------------------------------------------+
; Analysis & Synthesis Status        ; Successful - Wed Nov  9 15:58:21 2016              ;
; Quartus II 64-Bit Version          ; 13.0.1 Build 232 06/12/2013 SP 1.78 SJ Web Edition ;
; Revision Name                      ; processinho                                        ;
; Top-level Entity Name              ; processinho                                        ;
; Family                             ; Cyclone II                                         ;
; Total logic elements               ; 276                                                ;
;     Total combinational functions  ; 269                                                ;
;     Dedicated logic registers      ; 7                                                  ;
; Total registers                    ; 7                                                  ;
; Total pins                         ; 54                                                 ;
; Total virtual pins                 ; 0                                                  ;
; Total memory bits                  ; 0                                                  ;
; Embedded Multiplier 9-bit elements ; 0                                                  ;
; Total PLLs                         ; 0                                                  ;
+------------------------------------+----------------------------------------------------+


+----------------------------------------------------------------------------------------------------------------------+
; Analysis & Synthesis Settings                                                                                        ;
+----------------------------------------------------------------------------+--------------------+--------------------+
; Option                                                                     ; Setting            ; Default Value      ;
+----------------------------------------------------------------------------+--------------------+--------------------+
; Device                                                                     ; EP2C20F484C7       ;                    ;
; Top-level entity name                                                      ; processinho        ; processinho        ;
; Family name                                                                ; Cyclone II         ; Cyclone IV GX      ;
; Use smart compilation                                                      ; Off                ; Off                ;
; Enable parallel Assembler and TimeQuest Timing Analyzer during compilation ; On                 ; On                 ;
; Enable compact report table                                                ; Off                ; Off                ;
; Restructure Multiplexers                                                   ; Auto               ; Auto               ;
; Create Debugging Nodes for IP Cores                                        ; Off                ; Off                ;
; Preserve fewer node names                                                  ; On                 ; On                 ;
; Disable OpenCore Plus hardware evaluation                                  ; Off                ; Off                ;
; Verilog Version                                                            ; Verilog_2001       ; Verilog_2001       ;
; VHDL Version                                                               ; VHDL_1993          ; VHDL_1993          ;
; State Machine Processing                                                   ; Auto               ; Auto               ;
; Safe State Machine                                                         ; Off                ; Off                ;
; Extract Verilog State Machines                                             ; On                 ; On                 ;
; Extract VHDL State Machines                                                ; On                 ; On                 ;
; Ignore Verilog initial constructs                                          ; Off                ; Off                ;
; Iteration limit for constant Verilog loops                                 ; 5000               ; 5000               ;
; Iteration limit for non-constant Verilog loops                             ; 250                ; 250                ;
; Add Pass-Through Logic to Inferred RAMs                                    ; On                 ; On                 ;
; Infer RAMs from Raw Logic                                                  ; On                 ; On                 ;
; Parallel Synthesis                                                         ; On                 ; On                 ;
; DSP Block Balancing                                                        ; Auto               ; Auto               ;
; NOT Gate Push-Back                                                         ; On                 ; On                 ;
; Power-Up Don't Care                                                        ; On                 ; On                 ;
; Remove Redundant Logic Cells                                               ; Off                ; Off                ;
; Remove Duplicate Registers                                                 ; On                 ; On                 ;
; Ignore CARRY Buffers                                                       ; Off                ; Off                ;
; Ignore CASCADE Buffers                                                     ; Off                ; Off                ;
; Ignore GLOBAL Buffers                                                      ; Off                ; Off                ;
; Ignore ROW GLOBAL Buffers                                                  ; Off                ; Off                ;
; Ignore LCELL Buffers                                                       ; Off                ; Off                ;
; Ignore SOFT Buffers                                                        ; On                 ; On                 ;
; Limit AHDL Integers to 32 Bits                                             ; Off                ; Off                ;
; Optimization Technique                                                     ; Balanced           ; Balanced           ;
; Carry Chain Length                                                         ; 70                 ; 70                 ;
; Auto Carry Chains                                                          ; On                 ; On                 ;
; Auto Open-Drain Pins                                                       ; On                 ; On                 ;
; Perform WYSIWYG Primitive Resynthesis                                      ; Off                ; Off                ;
; Auto ROM Replacement                                                       ; On                 ; On                 ;
; Auto RAM Replacement                                                       ; On                 ; On                 ;
; Auto Shift Register Replacement                                            ; Auto               ; Auto               ;
; Allow Shift Register Merging across Hierarchies                            ; Auto               ; Auto               ;
; Auto Clock Enable Replacement                                              ; On                 ; On                 ;
; Strict RAM Replacement                                                     ; Off                ; Off                ;
; Allow Synchronous Control Signals                                          ; On                 ; On                 ;
; Force Use of Synchronous Clear Signals                                     ; Off                ; Off                ;
; Auto RAM to Logic Cell Conversion                                          ; Off                ; Off                ;
; Auto Resource Sharing                                                      ; Off                ; Off                ;
; Allow Any RAM Size For Recognition                                         ; Off                ; Off                ;
; Allow Any ROM Size For Recognition                                         ; Off                ; Off                ;
; Allow Any Shift Register Size For Recognition                              ; Off                ; Off                ;
; Use LogicLock Constraints during Resource Balancing                        ; On                 ; On                 ;
; Ignore translate_off and synthesis_off directives                          ; Off                ; Off                ;
; Timing-Driven Synthesis                                                    ; Off                ; Off                ;
; Report Parameter Settings                                                  ; On                 ; On                 ;
; Report Source Assignments                                                  ; On                 ; On                 ;
; Report Connectivity Checks                                                 ; On                 ; On                 ;
; Ignore Maximum Fan-Out Assignments                                         ; Off                ; Off                ;
; Synchronization Register Chain Length                                      ; 2                  ; 2                  ;
; PowerPlay Power Optimization                                               ; Normal compilation ; Normal compilation ;
; HDL message level                                                          ; Level2             ; Level2             ;
; Suppress Register Optimization Related Messages                            ; Off                ; Off                ;
; Number of Removed Registers Reported in Synthesis Report                   ; 5000               ; 5000               ;
; Number of Swept Nodes Reported in Synthesis Report                         ; 5000               ; 5000               ;
; Number of Inverted Registers Reported in Synthesis Report                  ; 100                ; 100                ;
; Clock MUX Protection                                                       ; On                 ; On                 ;
; Auto Gated Clock Conversion                                                ; Off                ; Off                ;
; Block Design Naming                                                        ; Auto               ; Auto               ;
; SDC constraint protection                                                  ; Off                ; Off                ;
; Synthesis Effort                                                           ; Auto               ; Auto               ;
; Shift Register Replacement - Allow Asynchronous Clear Signal               ; On                 ; On                 ;
; Pre-Mapping Resynthesis Optimization                                       ; Off                ; Off                ;
; Analysis & Synthesis Message Level                                         ; Medium             ; Medium             ;
; Disable Register Merging Across Hierarchies                                ; Auto               ; Auto               ;
; Resource Aware Inference For Block RAM                                     ; On                 ; On                 ;
; Synthesis Seed                                                             ; 1                  ; 1                  ;
+----------------------------------------------------------------------------+--------------------+--------------------+


Parallel compilation was disabled, but you have multiple processors available. Enable parallel compilation to reduce compilation time.
+-------------------------------------+
; Parallel Compilation                ;
+----------------------------+--------+
; Processors                 ; Number ;
+----------------------------+--------+
; Number detected on machine ; 8      ;
; Maximum allowed            ; 1      ;
+----------------------------+--------+


+--------------------------------------------------------------------------------------------------------------------------------------------------------------------------+
; Analysis & Synthesis Source Files Read                                                                                                                                   ;
+----------------------------------+-----------------+------------------------------+----------------------------------------------------------------------------+---------+
; File Name with User-Entered Path ; Used in Netlist ; File Type                    ; File Name with Absolute Path                                               ; Library ;
+----------------------------------+-----------------+------------------------------+----------------------------------------------------------------------------+---------+
; constants.vh                     ; yes             ; User Unspecified File        ; /home/talitav/Documents/processinho/constants.vh                           ;         ;
; ula.v                            ; yes             ; User Verilog HDL File        ; /home/talitav/Documents/processinho/ula.v                                  ;         ;
; processinho.v                    ; yes             ; User Verilog HDL File        ; /home/talitav/Documents/processinho/processinho.v                          ;         ;
; general_register.v               ; yes             ; User Verilog HDL File        ; /home/talitav/Documents/processinho/general_register.v                     ;         ;
; BCDdecode.v                      ; yes             ; User Verilog HDL File        ; /home/talitav/Documents/processinho/BCDdecode.v                            ;         ;
; lpm_mult.tdf                     ; yes             ; Megafunction                 ; /opt/altera13.0sp1/quartus/libraries/megafunctions/lpm_mult.tdf            ;         ;
; aglobal130.inc                   ; yes             ; Megafunction                 ; /opt/altera13.0sp1/quartus/libraries/megafunctions/aglobal130.inc          ;         ;
; lpm_add_sub.inc                  ; yes             ; Megafunction                 ; /opt/altera13.0sp1/quartus/libraries/megafunctions/lpm_add_sub.inc         ;         ;
; multcore.inc                     ; yes             ; Megafunction                 ; /opt/altera13.0sp1/quartus/libraries/megafunctions/multcore.inc            ;         ;
; bypassff.inc                     ; yes             ; Megafunction                 ; /opt/altera13.0sp1/quartus/libraries/megafunctions/bypassff.inc            ;         ;
; altshift.inc                     ; yes             ; Megafunction                 ; /opt/altera13.0sp1/quartus/libraries/megafunctions/altshift.inc            ;         ;
; multcore.tdf                     ; yes             ; Megafunction                 ; /opt/altera13.0sp1/quartus/libraries/megafunctions/multcore.tdf            ;         ;
; csa_add.inc                      ; yes             ; Megafunction                 ; /opt/altera13.0sp1/quartus/libraries/megafunctions/csa_add.inc             ;         ;
; mpar_add.inc                     ; yes             ; Megafunction                 ; /opt/altera13.0sp1/quartus/libraries/megafunctions/mpar_add.inc            ;         ;
; muleabz.inc                      ; yes             ; Megafunction                 ; /opt/altera13.0sp1/quartus/libraries/megafunctions/muleabz.inc             ;         ;
; mul_lfrg.inc                     ; yes             ; Megafunction                 ; /opt/altera13.0sp1/quartus/libraries/megafunctions/mul_lfrg.inc            ;         ;
; mul_boothc.inc                   ; yes             ; Megafunction                 ; /opt/altera13.0sp1/quartus/libraries/megafunctions/mul_boothc.inc          ;         ;
; alt_ded_mult.inc                 ; yes             ; Megafunction                 ; /opt/altera13.0sp1/quartus/libraries/megafunctions/alt_ded_mult.inc        ;         ;
; alt_ded_mult_y.inc               ; yes             ; Megafunction                 ; /opt/altera13.0sp1/quartus/libraries/megafunctions/alt_ded_mult_y.inc      ;         ;
; dffpipe.inc                      ; yes             ; Megafunction                 ; /opt/altera13.0sp1/quartus/libraries/megafunctions/dffpipe.inc             ;         ;
; mpar_add.tdf                     ; yes             ; Megafunction                 ; /opt/altera13.0sp1/quartus/libraries/megafunctions/mpar_add.tdf            ;         ;
; lpm_add_sub.tdf                  ; yes             ; Megafunction                 ; /opt/altera13.0sp1/quartus/libraries/megafunctions/lpm_add_sub.tdf         ;         ;
; addcore.inc                      ; yes             ; Megafunction                 ; /opt/altera13.0sp1/quartus/libraries/megafunctions/addcore.inc             ;         ;
; look_add.inc                     ; yes             ; Megafunction                 ; /opt/altera13.0sp1/quartus/libraries/megafunctions/look_add.inc            ;         ;
; alt_stratix_add_sub.inc          ; yes             ; Megafunction                 ; /opt/altera13.0sp1/quartus/libraries/megafunctions/alt_stratix_add_sub.inc ;         ;
; db/add_sub_17h.tdf               ; yes             ; Auto-Generated Megafunction  ; /home/talitav/Documents/processinho/db/add_sub_17h.tdf                     ;         ;
; db/add_sub_27h.tdf               ; yes             ; Auto-Generated Megafunction  ; /home/talitav/Documents/processinho/db/add_sub_27h.tdf                     ;         ;
; altshift.tdf                     ; yes             ; Megafunction                 ; /opt/altera13.0sp1/quartus/libraries/megafunctions/altshift.tdf            ;         ;
; lpm_divide.tdf                   ; yes             ; Megafunction                 ; /opt/altera13.0sp1/quartus/libraries/megafunctions/lpm_divide.tdf          ;         ;
; abs_divider.inc                  ; yes             ; Megafunction                 ; /opt/altera13.0sp1/quartus/libraries/megafunctions/abs_divider.inc         ;         ;
; sign_div_unsign.inc              ; yes             ; Megafunction                 ; /opt/altera13.0sp1/quartus/libraries/megafunctions/sign_div_unsign.inc     ;         ;
; db/lpm_divide_scm.tdf            ; yes             ; Auto-Generated Megafunction  ; /home/talitav/Documents/processinho/db/lpm_divide_scm.tdf                  ;         ;
; db/sign_div_unsign_6kh.tdf       ; yes             ; Auto-Generated Megafunction  ; /home/talitav/Documents/processinho/db/sign_div_unsign_6kh.tdf             ;         ;
; db/alt_u_div_eve.tdf             ; yes             ; Auto-Generated Megafunction  ; /home/talitav/Documents/processinho/db/alt_u_div_eve.tdf                   ;         ;
; db/add_sub_lkc.tdf               ; yes             ; Auto-Generated Megafunction  ; /home/talitav/Documents/processinho/db/add_sub_lkc.tdf                     ;         ;
; db/add_sub_mkc.tdf               ; yes             ; Auto-Generated Megafunction  ; /home/talitav/Documents/processinho/db/add_sub_mkc.tdf                     ;         ;
; db/lpm_divide_45m.tdf            ; yes             ; Auto-Generated Megafunction  ; /home/talitav/Documents/processinho/db/lpm_divide_45m.tdf                  ;         ;
; db/sign_div_unsign_bkh.tdf       ; yes             ; Auto-Generated Megafunction  ; /home/talitav/Documents/processinho/db/sign_div_unsign_bkh.tdf             ;         ;
; db/alt_u_div_ove.tdf             ; yes             ; Auto-Generated Megafunction  ; /home/talitav/Documents/processinho/db/alt_u_div_ove.tdf                   ;         ;
; db/lpm_divide_1dm.tdf            ; yes             ; Auto-Generated Megafunction  ; /home/talitav/Documents/processinho/db/lpm_divide_1dm.tdf                  ;         ;
; db/lpm_divide_75m.tdf            ; yes             ; Auto-Generated Megafunction  ; /home/talitav/Documents/processinho/db/lpm_divide_75m.tdf                  ;         ;
; db/sign_div_unsign_ekh.tdf       ; yes             ; Auto-Generated Megafunction  ; /home/talitav/Documents/processinho/db/sign_div_unsign_ekh.tdf             ;         ;
; db/alt_u_div_uve.tdf             ; yes             ; Auto-Generated Megafunction  ; /home/talitav/Documents/processinho/db/alt_u_div_uve.tdf                   ;         ;
; db/lpm_divide_0dm.tdf            ; yes             ; Auto-Generated Megafunction  ; /home/talitav/Documents/processinho/db/lpm_divide_0dm.tdf                  ;         ;
; db/sign_div_unsign_akh.tdf       ; yes             ; Auto-Generated Megafunction  ; /home/talitav/Documents/processinho/db/sign_div_unsign_akh.tdf             ;         ;
; db/alt_u_div_mve.tdf             ; yes             ; Auto-Generated Megafunction  ; /home/talitav/Documents/processinho/db/alt_u_div_mve.tdf                   ;         ;
; db/lpm_divide_4dm.tdf            ; yes             ; Auto-Generated Megafunction  ; /home/talitav/Documents/processinho/db/lpm_divide_4dm.tdf                  ;         ;
; db/lpm_divide_h6m.tdf            ; yes             ; Auto-Generated Megafunction  ; /home/talitav/Documents/processinho/db/lpm_divide_h6m.tdf                  ;         ;
; db/sign_div_unsign_1nh.tdf       ; yes             ; Auto-Generated Megafunction  ; /home/talitav/Documents/processinho/db/sign_div_unsign_1nh.tdf             ;         ;
; db/alt_u_div_45f.tdf             ; yes             ; Auto-Generated Megafunction  ; /home/talitav/Documents/processinho/db/alt_u_div_45f.tdf                   ;         ;
; db/lpm_divide_dem.tdf            ; yes             ; Auto-Generated Megafunction  ; /home/talitav/Documents/processinho/db/lpm_divide_dem.tdf                  ;         ;
; db/sign_div_unsign_nlh.tdf       ; yes             ; Auto-Generated Megafunction  ; /home/talitav/Documents/processinho/db/sign_div_unsign_nlh.tdf             ;         ;
; db/alt_u_div_g2f.tdf             ; yes             ; Auto-Generated Megafunction  ; /home/talitav/Documents/processinho/db/alt_u_div_g2f.tdf                   ;         ;
+----------------------------------+-----------------+------------------------------+----------------------------------------------------------------------------+---------+


+---------------------------------------------------------------------------------+
; Analysis & Synthesis Resource Usage Summary                                     ;
+---------------------------------------------+-----------------------------------+
; Resource                                    ; Usage                             ;
+---------------------------------------------+-----------------------------------+
; Estimated Total logic elements              ; 276                               ;
;                                             ;                                   ;
; Total combinational functions               ; 269                               ;
; Logic element usage by number of LUT inputs ;                                   ;
;     -- 4 input functions                    ; 68                                ;
;     -- 3 input functions                    ; 83                                ;
;     -- <=2 input functions                  ; 118                               ;
;                                             ;                                   ;
; Logic elements by mode                      ;                                   ;
;     -- normal mode                          ; 186                               ;
;     -- arithmetic mode                      ; 83                                ;
;                                             ;                                   ;
; Total registers                             ; 7                                 ;
;     -- Dedicated logic registers            ; 7                                 ;
;     -- I/O registers                        ; 0                                 ;
;                                             ;                                   ;
; I/O pins                                    ; 54                                ;
; Embedded Multiplier 9-bit elements          ; 0                                 ;
; Maximum fan-out node                        ; general_register:regB|valueOut[0] ;
; Maximum fan-out                             ; 15                                ;
; Total fan-out                               ; 760                               ;
; Average fan-out                             ; 2.30                              ;
+---------------------------------------------+-----------------------------------+


+------------------------------------------------------------------------------------------------------------------------------------------------------------------------------------------------------------------------------------------------------------------------------------------------------------------------------+
; Analysis & Synthesis Resource Utilization by Entity                                                                                                                                                                                                                                                                          ;
+---------------------------------------------------+-------------------+--------------+-------------+--------------+---------+-----------+------+--------------+-----------------------------------------------------------------------------------------------------------------------------------------------+--------------+
; Compilation Hierarchy Node                        ; LC Combinationals ; LC Registers ; Memory Bits ; DSP Elements ; DSP 9x9 ; DSP 18x18 ; Pins ; Virtual Pins ; Full Hierarchy Name                                                                                                                           ; Library Name ;
+---------------------------------------------------+-------------------+--------------+-------------+--------------+---------+-----------+------+--------------+-----------------------------------------------------------------------------------------------------------------------------------------------+--------------+
; |processinho                                      ; 269 (5)           ; 7 (0)        ; 0           ; 0            ; 0       ; 0         ; 54   ; 0            ; |processinho                                                                                                                                  ; work         ;
;    |BCDdecode:display0|                           ; 7 (7)             ; 0 (0)        ; 0           ; 0            ; 0       ; 0         ; 0    ; 0            ; |processinho|BCDdecode:display0                                                                                                               ; work         ;
;    |BCDdecode:display1|                           ; 9 (9)             ; 0 (0)        ; 0           ; 0            ; 0       ; 0         ; 0    ; 0            ; |processinho|BCDdecode:display1                                                                                                               ; work         ;
;    |general_register:regA|                        ; 0 (0)             ; 4 (4)        ; 0           ; 0            ; 0       ; 0         ; 0    ; 0            ; |processinho|general_register:regA                                                                                                            ; work         ;
;    |general_register:regB|                        ; 0 (0)             ; 3 (3)        ; 0           ; 0            ; 0       ; 0         ; 0    ; 0            ; |processinho|general_register:regB                                                                                                            ; work         ;
;    |lpm_divide:Div1|                              ; 44 (0)            ; 0 (0)        ; 0           ; 0            ; 0       ; 0         ; 0    ; 0            ; |processinho|lpm_divide:Div1                                                                                                                  ; work         ;
;       |lpm_divide_1dm:auto_generated|             ; 44 (0)            ; 0 (0)        ; 0           ; 0            ; 0       ; 0         ; 0    ; 0            ; |processinho|lpm_divide:Div1|lpm_divide_1dm:auto_generated                                                                                    ; work         ;
;          |sign_div_unsign_bkh:divider|            ; 44 (0)            ; 0 (0)        ; 0           ; 0            ; 0       ; 0         ; 0    ; 0            ; |processinho|lpm_divide:Div1|lpm_divide_1dm:auto_generated|sign_div_unsign_bkh:divider                                                        ; work         ;
;             |alt_u_div_ove:divider|               ; 44 (44)           ; 0 (0)        ; 0           ; 0            ; 0       ; 0         ; 0    ; 0            ; |processinho|lpm_divide:Div1|lpm_divide_1dm:auto_generated|sign_div_unsign_bkh:divider|alt_u_div_ove:divider                                  ; work         ;
;    |lpm_divide:Div2|                              ; 43 (0)            ; 0 (0)        ; 0           ; 0            ; 0       ; 0         ; 0    ; 0            ; |processinho|lpm_divide:Div2                                                                                                                  ; work         ;
;       |lpm_divide_0dm:auto_generated|             ; 43 (0)            ; 0 (0)        ; 0           ; 0            ; 0       ; 0         ; 0    ; 0            ; |processinho|lpm_divide:Div2|lpm_divide_0dm:auto_generated                                                                                    ; work         ;
;          |sign_div_unsign_akh:divider|            ; 43 (0)            ; 0 (0)        ; 0           ; 0            ; 0       ; 0         ; 0    ; 0            ; |processinho|lpm_divide:Div2|lpm_divide_0dm:auto_generated|sign_div_unsign_akh:divider                                                        ; work         ;
;             |alt_u_div_mve:divider|               ; 43 (43)           ; 0 (0)        ; 0           ; 0            ; 0       ; 0         ; 0    ; 0            ; |processinho|lpm_divide:Div2|lpm_divide_0dm:auto_generated|sign_div_unsign_akh:divider|alt_u_div_mve:divider                                  ; work         ;
;    |lpm_divide:Div4|                              ; 7 (0)             ; 0 (0)        ; 0           ; 0            ; 0       ; 0         ; 0    ; 0            ; |processinho|lpm_divide:Div4                                                                                                                  ; work         ;
;       |lpm_divide_4dm:auto_generated|             ; 7 (0)             ; 0 (0)        ; 0           ; 0            ; 0       ; 0         ; 0    ; 0            ; |processinho|lpm_divide:Div4|lpm_divide_4dm:auto_generated                                                                                    ; work         ;
;          |sign_div_unsign_ekh:divider|            ; 7 (0)             ; 0 (0)        ; 0           ; 0            ; 0       ; 0         ; 0    ; 0            ; |processinho|lpm_divide:Div4|lpm_divide_4dm:auto_generated|sign_div_unsign_ekh:divider                                                        ; work         ;
;             |alt_u_div_uve:divider|               ; 7 (7)             ; 0 (0)        ; 0           ; 0            ; 0       ; 0         ; 0    ; 0            ; |processinho|lpm_divide:Div4|lpm_divide_4dm:auto_generated|sign_div_unsign_ekh:divider|alt_u_div_uve:divider                                  ; work         ;
;    |lpm_divide:Mod0|                              ; 47 (0)            ; 0 (0)        ; 0           ; 0            ; 0       ; 0         ; 0    ; 0            ; |processinho|lpm_divide:Mod0                                                                                                                  ; work         ;
;       |lpm_divide_45m:auto_generated|             ; 47 (0)            ; 0 (0)        ; 0           ; 0            ; 0       ; 0         ; 0    ; 0            ; |processinho|lpm_divide:Mod0|lpm_divide_45m:auto_generated                                                                                    ; work         ;
;          |sign_div_unsign_bkh:divider|            ; 47 (0)            ; 0 (0)        ; 0           ; 0            ; 0       ; 0         ; 0    ; 0            ; |processinho|lpm_divide:Mod0|lpm_divide_45m:auto_generated|sign_div_unsign_bkh:divider                                                        ; work         ;
;             |alt_u_div_ove:divider|               ; 47 (47)           ; 0 (0)        ; 0           ; 0            ; 0       ; 0         ; 0    ; 0            ; |processinho|lpm_divide:Mod0|lpm_divide_45m:auto_generated|sign_div_unsign_bkh:divider|alt_u_div_ove:divider                                  ; work         ;
;    |lpm_divide:Mod1|                              ; 13 (0)            ; 0 (0)        ; 0           ; 0            ; 0       ; 0         ; 0    ; 0            ; |processinho|lpm_divide:Mod1                                                                                                                  ; work         ;
;       |lpm_divide_75m:auto_generated|             ; 13 (0)            ; 0 (0)        ; 0           ; 0            ; 0       ; 0         ; 0    ; 0            ; |processinho|lpm_divide:Mod1|lpm_divide_75m:auto_generated                                                                                    ; work         ;
;          |sign_div_unsign_ekh:divider|            ; 13 (0)            ; 0 (0)        ; 0           ; 0            ; 0       ; 0         ; 0    ; 0            ; |processinho|lpm_divide:Mod1|lpm_divide_75m:auto_generated|sign_div_unsign_ekh:divider                                                        ; work         ;
;             |alt_u_div_uve:divider|               ; 13 (13)           ; 0 (0)        ; 0           ; 0            ; 0       ; 0         ; 0    ; 0            ; |processinho|lpm_divide:Mod1|lpm_divide_75m:auto_generated|sign_div_unsign_ekh:divider|alt_u_div_uve:divider                                  ; work         ;
;    |ula:m_ula|                                    ; 94 (54)           ; 0 (0)        ; 0           ; 0            ; 0       ; 0         ; 0    ; 0            ; |processinho|ula:m_ula                                                                                                                        ; work         ;
;       |lpm_divide:Div0|                           ; 18 (0)            ; 0 (0)        ; 0           ; 0            ; 0       ; 0         ; 0    ; 0            ; |processinho|ula:m_ula|lpm_divide:Div0                                                                                                        ; work         ;
;          |lpm_divide_scm:auto_generated|          ; 18 (0)            ; 0 (0)        ; 0           ; 0            ; 0       ; 0         ; 0    ; 0            ; |processinho|ula:m_ula|lpm_divide:Div0|lpm_divide_scm:auto_generated                                                                          ; work         ;
;             |sign_div_unsign_6kh:divider|         ; 18 (0)            ; 0 (0)        ; 0           ; 0            ; 0       ; 0         ; 0    ; 0            ; |processinho|ula:m_ula|lpm_divide:Div0|lpm_divide_scm:auto_generated|sign_div_unsign_6kh:divider                                              ; work         ;
;                |alt_u_div_eve:divider|            ; 18 (18)           ; 0 (0)        ; 0           ; 0            ; 0       ; 0         ; 0    ; 0            ; |processinho|ula:m_ula|lpm_divide:Div0|lpm_divide_scm:auto_generated|sign_div_unsign_6kh:divider|alt_u_div_eve:divider                        ; work         ;
;       |lpm_mult:Mult0|                            ; 22 (0)            ; 0 (0)        ; 0           ; 0            ; 0       ; 0         ; 0    ; 0            ; |processinho|ula:m_ula|lpm_mult:Mult0                                                                                                         ; work         ;
;          |multcore:mult_core|                     ; 22 (12)           ; 0 (0)        ; 0           ; 0            ; 0       ; 0         ; 0    ; 0            ; |processinho|ula:m_ula|lpm_mult:Mult0|multcore:mult_core                                                                                      ; work         ;
;             |mpar_add:padder|                     ; 10 (0)            ; 0 (0)        ; 0           ; 0            ; 0       ; 0         ; 0    ; 0            ; |processinho|ula:m_ula|lpm_mult:Mult0|multcore:mult_core|mpar_add:padder                                                                      ; work         ;
;                |lpm_add_sub:adder[0]|             ; 5 (0)             ; 0 (0)        ; 0           ; 0            ; 0       ; 0         ; 0    ; 0            ; |processinho|ula:m_ula|lpm_mult:Mult0|multcore:mult_core|mpar_add:padder|lpm_add_sub:adder[0]                                                 ; work         ;
;                   |add_sub_17h:auto_generated|    ; 5 (5)             ; 0 (0)        ; 0           ; 0            ; 0       ; 0         ; 0    ; 0            ; |processinho|ula:m_ula|lpm_mult:Mult0|multcore:mult_core|mpar_add:padder|lpm_add_sub:adder[0]|add_sub_17h:auto_generated                      ; work         ;
;                |mpar_add:sub_par_add|             ; 5 (0)             ; 0 (0)        ; 0           ; 0            ; 0       ; 0         ; 0    ; 0            ; |processinho|ula:m_ula|lpm_mult:Mult0|multcore:mult_core|mpar_add:padder|mpar_add:sub_par_add                                                 ; work         ;
;                   |lpm_add_sub:adder[0]|          ; 5 (0)             ; 0 (0)        ; 0           ; 0            ; 0       ; 0         ; 0    ; 0            ; |processinho|ula:m_ula|lpm_mult:Mult0|multcore:mult_core|mpar_add:padder|mpar_add:sub_par_add|lpm_add_sub:adder[0]                            ; work         ;
;                      |add_sub_27h:auto_generated| ; 5 (5)             ; 0 (0)        ; 0           ; 0            ; 0       ; 0         ; 0    ; 0            ; |processinho|ula:m_ula|lpm_mult:Mult0|multcore:mult_core|mpar_add:padder|mpar_add:sub_par_add|lpm_add_sub:adder[0]|add_sub_27h:auto_generated ; work         ;
+---------------------------------------------------+-------------------+--------------+-------------+--------------+---------+-----------+------+--------------+-----------------------------------------------------------------------------------------------------------------------------------------------+--------------+
Note: For table entries with two numbers listed, the numbers in parentheses indicate the number of resources of the given type used by the specific entity alone. The numbers listed outside of parentheses indicate the total resources of the given type used by the specific entity and all of its sub-entities in the hierarchy.


+------------------------------------------------------+
; General Register Statistics                          ;
+----------------------------------------------+-------+
; Statistic                                    ; Value ;
+----------------------------------------------+-------+
; Total registers                              ; 7     ;
; Number of registers using Synchronous Clear  ; 0     ;
; Number of registers using Synchronous Load   ; 0     ;
; Number of registers using Asynchronous Clear ; 0     ;
; Number of registers using Asynchronous Load  ; 0     ;
; Number of registers using Clock Enable       ; 7     ;
; Number of registers using Preset             ; 0     ;
+----------------------------------------------+-------+


+-------------------------------------------------------------------------------------------------------------------------------------------+
; Multiplexer Restructuring Statistics (Restructuring Performed)                                                                            ;
+--------------------+-----------+---------------+----------------------+------------------------+------------+-----------------------------+
; Multiplexer Inputs ; Bus Width ; Baseline Area ; Area if Restructured ; Saving if Restructured ; Registered ; Example Multiplexer Output  ;
+--------------------+-----------+---------------+----------------------+------------------------+------------+-----------------------------+
; 17:1               ; 2 bits    ; 22 LEs        ; 12 LEs               ; 10 LEs                 ; No         ; |processinho|ula:m_ula|Mux2 ;
+--------------------+-----------+---------------+----------------------+------------------------+------------+-----------------------------+


+-----------------------------------------------------------------------------------+
; Parameter Settings for Inferred Entity Instance: ula:m_ula|lpm_mult:Mult0         ;
+------------------------------------------------+------------+---------------------+
; Parameter Name                                 ; Value      ; Type                ;
+------------------------------------------------+------------+---------------------+
; AUTO_CARRY_CHAINS                              ; ON         ; AUTO_CARRY          ;
; IGNORE_CARRY_BUFFERS                           ; OFF        ; IGNORE_CARRY        ;
; AUTO_CASCADE_CHAINS                            ; ON         ; AUTO_CASCADE        ;
; IGNORE_CASCADE_BUFFERS                         ; OFF        ; IGNORE_CASCADE      ;
; LPM_WIDTHA                                     ; 4          ; Untyped             ;
; LPM_WIDTHB                                     ; 3          ; Untyped             ;
; LPM_WIDTHP                                     ; 7          ; Untyped             ;
; LPM_WIDTHR                                     ; 7          ; Untyped             ;
; LPM_WIDTHS                                     ; 1          ; Untyped             ;
; LPM_REPRESENTATION                             ; UNSIGNED   ; Untyped             ;
; LPM_PIPELINE                                   ; 0          ; Untyped             ;
; LATENCY                                        ; 0          ; Untyped             ;
; INPUT_A_IS_CONSTANT                            ; NO         ; Untyped             ;
; INPUT_B_IS_CONSTANT                            ; NO         ; Untyped             ;
; USE_EAB                                        ; OFF        ; Untyped             ;
; MAXIMIZE_SPEED                                 ; 5          ; Untyped             ;
; DEVICE_FAMILY                                  ; Cyclone II ; Untyped             ;
; CARRY_CHAIN                                    ; MANUAL     ; Untyped             ;
; APEX20K_TECHNOLOGY_MAPPER                      ; LUT        ; TECH_MAPPER_APEX20K ;
; DEDICATED_MULTIPLIER_CIRCUITRY                 ; AUTO       ; Untyped             ;
; DEDICATED_MULTIPLIER_MIN_INPUT_WIDTH_FOR_AUTO  ; 0          ; Untyped             ;
; DEDICATED_MULTIPLIER_MIN_OUTPUT_WIDTH_FOR_AUTO ; 0          ; Untyped             ;
; CBXI_PARAMETER                                 ; NOTHING    ; Untyped             ;
; INPUT_A_FIXED_VALUE                            ; Bx         ; Untyped             ;
; INPUT_B_FIXED_VALUE                            ; Bx         ; Untyped             ;
; USE_AHDL_IMPLEMENTATION                        ; OFF        ; Untyped             ;
+------------------------------------------------+------------+---------------------+
Note: In order to hide this table in the UI and the text report file, please set the "Show Parameter Settings in Synthesis Report" option in "Analysis and Synthesis Settings -> More Settings" to "Off".


+----------------------------------------------------------------------------+
; Parameter Settings for Inferred Entity Instance: ula:m_ula|lpm_divide:Div0 ;
+------------------------+----------------+----------------------------------+
; Parameter Name         ; Value          ; Type                             ;
+------------------------+----------------+----------------------------------+
; LPM_WIDTHN             ; 4              ; Untyped                          ;
; LPM_WIDTHD             ; 3              ; Untyped                          ;
; LPM_NREPRESENTATION    ; UNSIGNED       ; Untyped                          ;
; LPM_DREPRESENTATION    ; UNSIGNED       ; Untyped                          ;
; LPM_PIPELINE           ; 0              ; Untyped                          ;
; LPM_REMAINDERPOSITIVE  ; TRUE           ; Untyped                          ;
; MAXIMIZE_SPEED         ; 5              ; Untyped                          ;
; CBXI_PARAMETER         ; lpm_divide_scm ; Untyped                          ;
; CARRY_CHAIN            ; MANUAL         ; Untyped                          ;
; OPTIMIZE_FOR_SPEED     ; 5              ; Untyped                          ;
; AUTO_CARRY_CHAINS      ; ON             ; AUTO_CARRY                       ;
; IGNORE_CARRY_BUFFERS   ; OFF            ; IGNORE_CARRY                     ;
; AUTO_CASCADE_CHAINS    ; ON             ; AUTO_CASCADE                     ;
; IGNORE_CASCADE_BUFFERS ; OFF            ; IGNORE_CASCADE                   ;
+------------------------+----------------+----------------------------------+
Note: In order to hide this table in the UI and the text report file, please set the "Show Parameter Settings in Synthesis Report" option in "Analysis and Synthesis Settings -> More Settings" to "Off".


+------------------------------------------------------------------+
; Parameter Settings for Inferred Entity Instance: lpm_divide:Mod0 ;
+------------------------+----------------+------------------------+
; Parameter Name         ; Value          ; Type                   ;
+------------------------+----------------+------------------------+
; LPM_WIDTHN             ; 8              ; Untyped                ;
; LPM_WIDTHD             ; 4              ; Untyped                ;
; LPM_NREPRESENTATION    ; UNSIGNED       ; Untyped                ;
; LPM_DREPRESENTATION    ; UNSIGNED       ; Untyped                ;
; LPM_PIPELINE           ; 0              ; Untyped                ;
; LPM_REMAINDERPOSITIVE  ; TRUE           ; Untyped                ;
; MAXIMIZE_SPEED         ; 5              ; Untyped                ;
; CBXI_PARAMETER         ; lpm_divide_45m ; Untyped                ;
; CARRY_CHAIN            ; MANUAL         ; Untyped                ;
; OPTIMIZE_FOR_SPEED     ; 5              ; Untyped                ;
; AUTO_CARRY_CHAINS      ; ON             ; AUTO_CARRY             ;
; IGNORE_CARRY_BUFFERS   ; OFF            ; IGNORE_CARRY           ;
; AUTO_CASCADE_CHAINS    ; ON             ; AUTO_CASCADE           ;
; IGNORE_CASCADE_BUFFERS ; OFF            ; IGNORE_CASCADE         ;
+------------------------+----------------+------------------------+
Note: In order to hide this table in the UI and the text report file, please set the "Show Parameter Settings in Synthesis Report" option in "Analysis and Synthesis Settings -> More Settings" to "Off".


+------------------------------------------------------------------+
; Parameter Settings for Inferred Entity Instance: lpm_divide:Div1 ;
+------------------------+----------------+------------------------+
; Parameter Name         ; Value          ; Type                   ;
+------------------------+----------------+------------------------+
; LPM_WIDTHN             ; 8              ; Untyped                ;
; LPM_WIDTHD             ; 4              ; Untyped                ;
; LPM_NREPRESENTATION    ; UNSIGNED       ; Untyped                ;
; LPM_DREPRESENTATION    ; UNSIGNED       ; Untyped                ;
; LPM_PIPELINE           ; 0              ; Untyped                ;
; LPM_REMAINDERPOSITIVE  ; TRUE           ; Untyped                ;
; MAXIMIZE_SPEED         ; 5              ; Untyped                ;
; CBXI_PARAMETER         ; lpm_divide_1dm ; Untyped                ;
; CARRY_CHAIN            ; MANUAL         ; Untyped                ;
; OPTIMIZE_FOR_SPEED     ; 5              ; Untyped                ;
; AUTO_CARRY_CHAINS      ; ON             ; AUTO_CARRY             ;
; IGNORE_CARRY_BUFFERS   ; OFF            ; IGNORE_CARRY           ;
; AUTO_CASCADE_CHAINS    ; ON             ; AUTO_CASCADE           ;
; IGNORE_CASCADE_BUFFERS ; OFF            ; IGNORE_CASCADE         ;
+------------------------+----------------+------------------------+
Note: In order to hide this table in the UI and the text report file, please set the "Show Parameter Settings in Synthesis Report" option in "Analysis and Synthesis Settings -> More Settings" to "Off".


+------------------------------------------------------------------+
; Parameter Settings for Inferred Entity Instance: lpm_divide:Mod1 ;
+------------------------+----------------+------------------------+
; Parameter Name         ; Value          ; Type                   ;
+------------------------+----------------+------------------------+
; LPM_WIDTHN             ; 8              ; Untyped                ;
; LPM_WIDTHD             ; 7              ; Untyped                ;
; LPM_NREPRESENTATION    ; UNSIGNED       ; Untyped                ;
; LPM_DREPRESENTATION    ; UNSIGNED       ; Untyped                ;
; LPM_PIPELINE           ; 0              ; Untyped                ;
; LPM_REMAINDERPOSITIVE  ; TRUE           ; Untyped                ;
; MAXIMIZE_SPEED         ; 5              ; Untyped                ;
; CBXI_PARAMETER         ; lpm_divide_75m ; Untyped                ;
; CARRY_CHAIN            ; MANUAL         ; Untyped                ;
; OPTIMIZE_FOR_SPEED     ; 5              ; Untyped                ;
; AUTO_CARRY_CHAINS      ; ON             ; AUTO_CARRY             ;
; IGNORE_CARRY_BUFFERS   ; OFF            ; IGNORE_CARRY           ;
; AUTO_CASCADE_CHAINS    ; ON             ; AUTO_CASCADE           ;
; IGNORE_CASCADE_BUFFERS ; OFF            ; IGNORE_CASCADE         ;
+------------------------+----------------+------------------------+
Note: In order to hide this table in the UI and the text report file, please set the "Show Parameter Settings in Synthesis Report" option in "Analysis and Synthesis Settings -> More Settings" to "Off".


+------------------------------------------------------------------+
; Parameter Settings for Inferred Entity Instance: lpm_divide:Div2 ;
+------------------------+----------------+------------------------+
; Parameter Name         ; Value          ; Type                   ;
+------------------------+----------------+------------------------+
; LPM_WIDTHN             ; 7              ; Untyped                ;
; LPM_WIDTHD             ; 4              ; Untyped                ;
; LPM_NREPRESENTATION    ; UNSIGNED       ; Untyped                ;
; LPM_DREPRESENTATION    ; UNSIGNED       ; Untyped                ;
; LPM_PIPELINE           ; 0              ; Untyped                ;
; LPM_REMAINDERPOSITIVE  ; TRUE           ; Untyped                ;
; MAXIMIZE_SPEED         ; 5              ; Untyped                ;
; CBXI_PARAMETER         ; lpm_divide_0dm ; Untyped                ;
; CARRY_CHAIN            ; MANUAL         ; Untyped                ;
; OPTIMIZE_FOR_SPEED     ; 5              ; Untyped                ;
; AUTO_CARRY_CHAINS      ; ON             ; AUTO_CARRY             ;
; IGNORE_CARRY_BUFFERS   ; OFF            ; IGNORE_CARRY           ;
; AUTO_CASCADE_CHAINS    ; ON             ; AUTO_CASCADE           ;
; IGNORE_CASCADE_BUFFERS ; OFF            ; IGNORE_CASCADE         ;
+------------------------+----------------+------------------------+
Note: In order to hide this table in the UI and the text report file, please set the "Show Parameter Settings in Synthesis Report" option in "Analysis and Synthesis Settings -> More Settings" to "Off".


+------------------------------------------------------------------+
; Parameter Settings for Inferred Entity Instance: lpm_divide:Div4 ;
+------------------------+----------------+------------------------+
; Parameter Name         ; Value          ; Type                   ;
+------------------------+----------------+------------------------+
; LPM_WIDTHN             ; 8              ; Untyped                ;
; LPM_WIDTHD             ; 7              ; Untyped                ;
; LPM_NREPRESENTATION    ; UNSIGNED       ; Untyped                ;
; LPM_DREPRESENTATION    ; UNSIGNED       ; Untyped                ;
; LPM_PIPELINE           ; 0              ; Untyped                ;
; LPM_REMAINDERPOSITIVE  ; TRUE           ; Untyped                ;
; MAXIMIZE_SPEED         ; 5              ; Untyped                ;
; CBXI_PARAMETER         ; lpm_divide_4dm ; Untyped                ;
; CARRY_CHAIN            ; MANUAL         ; Untyped                ;
; OPTIMIZE_FOR_SPEED     ; 5              ; Untyped                ;
; AUTO_CARRY_CHAINS      ; ON             ; AUTO_CARRY             ;
; IGNORE_CARRY_BUFFERS   ; OFF            ; IGNORE_CARRY           ;
; AUTO_CASCADE_CHAINS    ; ON             ; AUTO_CASCADE           ;
; IGNORE_CASCADE_BUFFERS ; OFF            ; IGNORE_CASCADE         ;
+------------------------+----------------+------------------------+
Note: In order to hide this table in the UI and the text report file, please set the "Show Parameter Settings in Synthesis Report" option in "Analysis and Synthesis Settings -> More Settings" to "Off".


+------------------------------------------------------------------+
; Parameter Settings for Inferred Entity Instance: lpm_divide:Mod2 ;
+------------------------+----------------+------------------------+
; Parameter Name         ; Value          ; Type                   ;
+------------------------+----------------+------------------------+
; LPM_WIDTHN             ; 8              ; Untyped                ;
; LPM_WIDTHD             ; 10             ; Untyped                ;
; LPM_NREPRESENTATION    ; UNSIGNED       ; Untyped                ;
; LPM_DREPRESENTATION    ; UNSIGNED       ; Untyped                ;
; LPM_PIPELINE           ; 0              ; Untyped                ;
; LPM_REMAINDERPOSITIVE  ; TRUE           ; Untyped                ;
; MAXIMIZE_SPEED         ; 5              ; Untyped                ;
; CBXI_PARAMETER         ; lpm_divide_h6m ; Untyped                ;
; CARRY_CHAIN            ; MANUAL         ; Untyped                ;
; OPTIMIZE_FOR_SPEED     ; 5              ; Untyped                ;
; AUTO_CARRY_CHAINS      ; ON             ; AUTO_CARRY             ;
; IGNORE_CARRY_BUFFERS   ; OFF            ; IGNORE_CARRY           ;
; AUTO_CASCADE_CHAINS    ; ON             ; AUTO_CASCADE           ;
; IGNORE_CASCADE_BUFFERS ; OFF            ; IGNORE_CASCADE         ;
+------------------------+----------------+------------------------+
Note: In order to hide this table in the UI and the text report file, please set the "Show Parameter Settings in Synthesis Report" option in "Analysis and Synthesis Settings -> More Settings" to "Off".


+------------------------------------------------------------------+
; Parameter Settings for Inferred Entity Instance: lpm_divide:Div5 ;
+------------------------+----------------+------------------------+
; Parameter Name         ; Value          ; Type                   ;
+------------------------+----------------+------------------------+
; LPM_WIDTHN             ; 10             ; Untyped                ;
; LPM_WIDTHD             ; 7              ; Untyped                ;
; LPM_NREPRESENTATION    ; UNSIGNED       ; Untyped                ;
; LPM_DREPRESENTATION    ; UNSIGNED       ; Untyped                ;
; LPM_PIPELINE           ; 0              ; Untyped                ;
; LPM_REMAINDERPOSITIVE  ; TRUE           ; Untyped                ;
; MAXIMIZE_SPEED         ; 5              ; Untyped                ;
; CBXI_PARAMETER         ; lpm_divide_dem ; Untyped                ;
; CARRY_CHAIN            ; MANUAL         ; Untyped                ;
; OPTIMIZE_FOR_SPEED     ; 5              ; Untyped                ;
; AUTO_CARRY_CHAINS      ; ON             ; AUTO_CARRY             ;
; IGNORE_CARRY_BUFFERS   ; OFF            ; IGNORE_CARRY           ;
; AUTO_CASCADE_CHAINS    ; ON             ; AUTO_CASCADE           ;
; IGNORE_CASCADE_BUFFERS ; OFF            ; IGNORE_CASCADE         ;
+------------------------+----------------+------------------------+
Note: In order to hide this table in the UI and the text report file, please set the "Show Parameter Settings in Synthesis Report" option in "Analysis and Synthesis Settings -> More Settings" to "Off".


+------------------------------------------------------------------+
; lpm_mult Parameter Settings by Entity Instance                   ;
+---------------------------------------+--------------------------+
; Name                                  ; Value                    ;
+---------------------------------------+--------------------------+
; Number of entity instances            ; 1                        ;
; Entity Instance                       ; ula:m_ula|lpm_mult:Mult0 ;
;     -- LPM_WIDTHA                     ; 4                        ;
;     -- LPM_WIDTHB                     ; 3                        ;
;     -- LPM_WIDTHP                     ; 7                        ;
;     -- LPM_REPRESENTATION             ; UNSIGNED                 ;
;     -- INPUT_A_IS_CONSTANT            ; NO                       ;
;     -- INPUT_B_IS_CONSTANT            ; NO                       ;
;     -- USE_EAB                        ; OFF                      ;
;     -- DEDICATED_MULTIPLIER_CIRCUITRY ; AUTO                     ;
;     -- INPUT_A_FIXED_VALUE            ; Bx                       ;
;     -- INPUT_B_FIXED_VALUE            ; Bx                       ;
+---------------------------------------+--------------------------+


+---------------------------------------------------------------------------------------------------------------------------------------------------------------------------------------------------------------------+
; Port Connectivity Checks: "BCDdecode:display3"                                                                                                                                                                      ;
+-------------+-------+----------+------------------------------------------------------------------------------------------------------------------------------------------------------------------------------------+
; Port        ; Type  ; Severity ; Details                                                                                                                                                                            ;
+-------------+-------+----------+------------------------------------------------------------------------------------------------------------------------------------------------------------------------------------+
; value       ; Input ; Warning  ; Input port expression (32 bits) is wider than the input port (8 bits) it drives.  The 24 most-significant bit(s) in the expression will be dangling if they have no other fanouts. ;
; value[7..4] ; Input ; Info     ; Stuck at GND                                                                                                                                                                       ;
; value[2..0] ; Input ; Info     ; Stuck at GND                                                                                                                                                                       ;
; value[3]    ; Input ; Info     ; Stuck at VCC                                                                                                                                                                       ;
+-------------+-------+----------+------------------------------------------------------------------------------------------------------------------------------------------------------------------------------------+


+---------------------------------------------------------------------------------------------------------------------------------------------------------------------------------------------------------------+
; Port Connectivity Checks: "BCDdecode:display2"                                                                                                                                                                ;
+-------+-------+----------+------------------------------------------------------------------------------------------------------------------------------------------------------------------------------------+
; Port  ; Type  ; Severity ; Details                                                                                                                                                                            ;
+-------+-------+----------+------------------------------------------------------------------------------------------------------------------------------------------------------------------------------------+
; value ; Input ; Warning  ; Input port expression (32 bits) is wider than the input port (8 bits) it drives.  The 24 most-significant bit(s) in the expression will be dangling if they have no other fanouts. ;
+-------+-------+----------+------------------------------------------------------------------------------------------------------------------------------------------------------------------------------------+


+---------------------------------------------------------------------------------------------------------------------------------------------------------------------------------------------------------------+
; Port Connectivity Checks: "BCDdecode:display1"                                                                                                                                                                ;
+-------+-------+----------+------------------------------------------------------------------------------------------------------------------------------------------------------------------------------------+
; Port  ; Type  ; Severity ; Details                                                                                                                                                                            ;
+-------+-------+----------+------------------------------------------------------------------------------------------------------------------------------------------------------------------------------------+
; value ; Input ; Warning  ; Input port expression (32 bits) is wider than the input port (8 bits) it drives.  The 24 most-significant bit(s) in the expression will be dangling if they have no other fanouts. ;
+-------+-------+----------+------------------------------------------------------------------------------------------------------------------------------------------------------------------------------------+


+---------------------------------------------------------------------------------------------------------------------------------------------------------------------------------------------------------------------+
; Port Connectivity Checks: "BCDdecode:display0"                                                                                                                                                                      ;
+-------------+-------+----------+------------------------------------------------------------------------------------------------------------------------------------------------------------------------------------+
; Port        ; Type  ; Severity ; Details                                                                                                                                                                            ;
+-------------+-------+----------+------------------------------------------------------------------------------------------------------------------------------------------------------------------------------------+
; value       ; Input ; Warning  ; Input port expression (32 bits) is wider than the input port (8 bits) it drives.  The 24 most-significant bit(s) in the expression will be dangling if they have no other fanouts. ;
; value[7..4] ; Input ; Info     ; Stuck at GND                                                                                                                                                                       ;
+-------------+-------+----------+------------------------------------------------------------------------------------------------------------------------------------------------------------------------------------+


+-----------------------------------------------------------------------------------------------------------------------------------------------------------------------------------------------------------------+
; Port Connectivity Checks: "ula:m_ula"                                                                                                                                                                           ;
+-----------+-------+----------+----------------------------------------------------------------------------------------------------------------------------------------------------------------------------------+
; Port      ; Type  ; Severity ; Details                                                                                                                                                                          ;
+-----------+-------+----------+----------------------------------------------------------------------------------------------------------------------------------------------------------------------------------+
; operando2 ; Input ; Warning  ; Input port expression (4 bits) is wider than the input port (3 bits) it drives.  The 1 most-significant bit(s) in the expression will be dangling if they have no other fanouts. ;
+-----------+-------+----------+----------------------------------------------------------------------------------------------------------------------------------------------------------------------------------+


+-----------------------------------------------------------------------------------------------------------------------+
; Port Connectivity Checks: "general_register:regB"                                                                     ;
+-------------+--------+----------+-------------------------------------------------------------------------------------+
; Port        ; Type   ; Severity ; Details                                                                             ;
+-------------+--------+----------+-------------------------------------------------------------------------------------+
; valueOut[3] ; Output ; Info     ; Connected to dangling logic. Logic that only feeds a dangling port will be removed. ;
+-------------+--------+----------+-------------------------------------------------------------------------------------+


+-------------------------------+
; Elapsed Time Per Partition    ;
+----------------+--------------+
; Partition Name ; Elapsed Time ;
+----------------+--------------+
; Top            ; 00:00:01     ;
+----------------+--------------+


+-------------------------------+
; Analysis & Synthesis Messages ;
+-------------------------------+
Info: *******************************************************************
Info: Running Quartus II 64-Bit Analysis & Synthesis
    Info: Version 13.0.1 Build 232 06/12/2013 Service Pack 1.78 SJ Web Edition
    Info: Processing started: Wed Nov  9 15:58:19 2016
Info: Command: quartus_map --read_settings_files=on --write_settings_files=off processinho -c processinho
Warning (20028): Parallel compilation is not licensed and has been disabled
Warning (12019): Can't analyze file -- file constants.v is missing
Info (12021): Found 1 design units, including 1 entities, in source file ula.v
    Info (12023): Found entity 1: ula
Info (12021): Found 0 design units, including 0 entities, in source file uc.v
Info (12021): Found 0 design units, including 0 entities, in source file datapath.v
Info (12021): Found 1 design units, including 1 entities, in source file processinho.v
    Info (12023): Found entity 1: processinho
Info (12021): Found 0 design units, including 0 entities, in source file output_files/gp_register.v
Info (12021): Found 1 design units, including 1 entities, in source file general_register.v
    Info (12023): Found entity 1: general_register
Info (12021): Found 1 design units, including 1 entities, in source file BCDdecode.v
    Info (12023): Found entity 1: BCDdecode
Info (12127): Elaborating entity "processinho" for the top level hierarchy
Warning (10755): Verilog HDL warning at processinho.v(50): assignments to HEX3[7] create a combinational loop
Warning (10755): Verilog HDL warning at processinho.v(50): assignments to HEX3[6] create a combinational loop
Warning (10755): Verilog HDL warning at processinho.v(50): assignments to HEX3[5] create a combinational loop
Warning (10755): Verilog HDL warning at processinho.v(50): assignments to HEX3[4] create a combinational loop
Warning (10755): Verilog HDL warning at processinho.v(50): assignments to HEX3[3] create a combinational loop
Warning (10755): Verilog HDL warning at processinho.v(50): assignments to HEX3[2] create a combinational loop
Warning (10755): Verilog HDL warning at processinho.v(50): assignments to HEX3[1] create a combinational loop
Warning (10755): Verilog HDL warning at processinho.v(50): assignments to HEX3[0] create a combinational loop
Info (12128): Elaborating entity "general_register" for hierarchy "general_register:regA"
Info (12128): Elaborating entity "ula" for hierarchy "ula:m_ula"
Warning (10270): Verilog HDL Case Statement warning at ula.v(20): incomplete case statement has no default case item
Info (12128): Elaborating entity "BCDdecode" for hierarchy "BCDdecode:display0"
Warning (10030): Net "decode.data_a" at BCDdecode.v(12) has no driver or initial value, using a default initial value '0'
Warning (10030): Net "decode.waddr_a" at BCDdecode.v(12) has no driver or initial value, using a default initial value '0'
Warning (10030): Net "decode.we_a" at BCDdecode.v(12) has no driver or initial value, using a default initial value '0'
Warning (12011): Net is missing source, defaulting to GND
    Warning (12110): Net "reset" is missing source, defaulting to GND
Info (276014): Found 4 instances of uninferred RAM logic
    Info (276004): RAM logic "BCDdecode:display0|decode" is uninferred due to inappropriate RAM size
    Info (276004): RAM logic "BCDdecode:display1|decode" is uninferred due to inappropriate RAM size
    Info (276004): RAM logic "BCDdecode:display2|decode" is uninferred due to inappropriate RAM size
    Info (276004): RAM logic "BCDdecode:display3|decode" is uninferred due to inappropriate RAM size
Critical Warning (127005): Memory depth (16) in the design file differs from memory depth (10) in the Memory Initialization File "/home/talitav/Documents/processinho/db/processinho.ram0_BCDdecode_9b9754c7.hdl.mif" -- setting initial value for remaining addresses to 0
Info (278001): Inferred 9 megafunctions from design logic
    Info (278003): Inferred multiplier megafunction ("lpm_mult") from the following logic: "ula:m_ula|Mult0"
    Info (278004): Inferred divider/modulo megafunction ("lpm_divide") from the following logic: "ula:m_ula|Div0"
    Info (278004): Inferred divider/modulo megafunction ("lpm_divide") from the following logic: "Mod0"
    Info (278004): Inferred divider/modulo megafunction ("lpm_divide") from the following logic: "Div1"
    Info (278004): Inferred divider/modulo megafunction ("lpm_divide") from the following logic: "Mod1"
    Info (278004): Inferred divider/modulo megafunction ("lpm_divide") from the following logic: "Div2"
    Info (278004): Inferred divider/modulo megafunction ("lpm_divide") from the following logic: "Div4"
    Info (278004): Inferred divider/modulo megafunction ("lpm_divide") from the following logic: "Mod2"
    Info (278004): Inferred divider/modulo megafunction ("lpm_divide") from the following logic: "Div5"
Info (12130): Elaborated megafunction instantiation "ula:m_ula|lpm_mult:Mult0"
Info (12133): Instantiated megafunction "ula:m_ula|lpm_mult:Mult0" with the following parameter:
    Info (12134): Parameter "LPM_WIDTHA" = "4"
    Info (12134): Parameter "LPM_WIDTHB" = "3"
    Info (12134): Parameter "LPM_WIDTHP" = "7"
    Info (12134): Parameter "LPM_WIDTHR" = "7"
    Info (12134): Parameter "LPM_WIDTHS" = "1"
    Info (12134): Parameter "LPM_REPRESENTATION" = "UNSIGNED"
    Info (12134): Parameter "INPUT_A_IS_CONSTANT" = "NO"
    Info (12134): Parameter "INPUT_B_IS_CONSTANT" = "NO"
    Info (12134): Parameter "MAXIMIZE_SPEED" = "5"
Info (12131): Elaborated megafunction instantiation "ula:m_ula|lpm_mult:Mult0|multcore:mult_core", which is child of megafunction instantiation "ula:m_ula|lpm_mult:Mult0"
Info (12131): Elaborated megafunction instantiation "ula:m_ula|lpm_mult:Mult0|multcore:mult_core|mpar_add:padder", which is child of megafunction instantiation "ula:m_ula|lpm_mult:Mult0"
Info (12131): Elaborated megafunction instantiation "ula:m_ula|lpm_mult:Mult0|multcore:mult_core|mpar_add:padder|lpm_add_sub:adder[0]", which is child of megafunction instantiation "ula:m_ula|lpm_mult:Mult0"
Info (12021): Found 1 design units, including 1 entities, in source file db/add_sub_17h.tdf
    Info (12023): Found entity 1: add_sub_17h
Info (12131): Elaborated megafunction instantiation "ula:m_ula|lpm_mult:Mult0|multcore:mult_core|mpar_add:padder|mpar_add:sub_par_add", which is child of megafunction instantiation "ula:m_ula|lpm_mult:Mult0"
Info (12131): Elaborated megafunction instantiation "ula:m_ula|lpm_mult:Mult0|multcore:mult_core|mpar_add:padder|mpar_add:sub_par_add|lpm_add_sub:adder[0]", which is child of megafunction instantiation "ula:m_ula|lpm_mult:Mult0"
Info (12021): Found 1 design units, including 1 entities, in source file db/add_sub_27h.tdf
    Info (12023): Found entity 1: add_sub_27h
Info (12131): Elaborated megafunction instantiation "ula:m_ula|lpm_mult:Mult0|altshift:external_latency_ffs", which is child of megafunction instantiation "ula:m_ula|lpm_mult:Mult0"
Info (12130): Elaborated megafunction instantiation "ula:m_ula|lpm_divide:Div0"
Info (12133): Instantiated megafunction "ula:m_ula|lpm_divide:Div0" with the following parameter:
    Info (12134): Parameter "LPM_WIDTHN" = "4"
    Info (12134): Parameter "LPM_WIDTHD" = "3"
    Info (12134): Parameter "LPM_NREPRESENTATION" = "UNSIGNED"
    Info (12134): Parameter "LPM_DREPRESENTATION" = "UNSIGNED"
Info (12021): Found 1 design units, including 1 entities, in source file db/lpm_divide_scm.tdf
    Info (12023): Found entity 1: lpm_divide_scm
Info (12021): Found 1 design units, including 1 entities, in source file db/sign_div_unsign_6kh.tdf
    Info (12023): Found entity 1: sign_div_unsign_6kh
Info (12021): Found 1 design units, including 1 entities, in source file db/alt_u_div_eve.tdf
    Info (12023): Found entity 1: alt_u_div_eve
Info (12021): Found 1 design units, including 1 entities, in source file db/add_sub_lkc.tdf
    Info (12023): Found entity 1: add_sub_lkc
Info (12021): Found 1 design units, including 1 entities, in source file db/add_sub_mkc.tdf
    Info (12023): Found entity 1: add_sub_mkc
Info (12130): Elaborated megafunction instantiation "lpm_divide:Mod0"
Info (12133): Instantiated megafunction "lpm_divide:Mod0" with the following parameter:
    Info (12134): Parameter "LPM_WIDTHN" = "8"
    Info (12134): Parameter "LPM_WIDTHD" = "4"
    Info (12134): Parameter "LPM_NREPRESENTATION" = "UNSIGNED"
    Info (12134): Parameter "LPM_DREPRESENTATION" = "UNSIGNED"
Info (12021): Found 1 design units, including 1 entities, in source file db/lpm_divide_45m.tdf
    Info (12023): Found entity 1: lpm_divide_45m
Info (12021): Found 1 design units, including 1 entities, in source file db/sign_div_unsign_bkh.tdf
    Info (12023): Found entity 1: sign_div_unsign_bkh
Info (12021): Found 1 design units, including 1 entities, in source file db/alt_u_div_ove.tdf
    Info (12023): Found entity 1: alt_u_div_ove
Info (12130): Elaborated megafunction instantiation "lpm_divide:Div1"
Info (12133): Instantiated megafunction "lpm_divide:Div1" with the following parameter:
    Info (12134): Parameter "LPM_WIDTHN" = "8"
    Info (12134): Parameter "LPM_WIDTHD" = "4"
    Info (12134): Parameter "LPM_NREPRESENTATION" = "UNSIGNED"
    Info (12134): Parameter "LPM_DREPRESENTATION" = "UNSIGNED"
Info (12021): Found 1 design units, including 1 entities, in source file db/lpm_divide_1dm.tdf
    Info (12023): Found entity 1: lpm_divide_1dm
Info (12130): Elaborated megafunction instantiation "lpm_divide:Mod1"
Info (12133): Instantiated megafunction "lpm_divide:Mod1" with the following parameter:
    Info (12134): Parameter "LPM_WIDTHN" = "8"
    Info (12134): Parameter "LPM_WIDTHD" = "7"
    Info (12134): Parameter "LPM_NREPRESENTATION" = "UNSIGNED"
    Info (12134): Parameter "LPM_DREPRESENTATION" = "UNSIGNED"
Info (12021): Found 1 design units, including 1 entities, in source file db/lpm_divide_75m.tdf
    Info (12023): Found entity 1: lpm_divide_75m
Info (12021): Found 1 design units, including 1 entities, in source file db/sign_div_unsign_ekh.tdf
    Info (12023): Found entity 1: sign_div_unsign_ekh
Info (12021): Found 1 design units, including 1 entities, in source file db/alt_u_div_uve.tdf
    Info (12023): Found entity 1: alt_u_div_uve
Info (12130): Elaborated megafunction instantiation "lpm_divide:Div2"
Info (12133): Instantiated megafunction "lpm_divide:Div2" with the following parameter:
    Info (12134): Parameter "LPM_WIDTHN" = "7"
    Info (12134): Parameter "LPM_WIDTHD" = "4"
    Info (12134): Parameter "LPM_NREPRESENTATION" = "UNSIGNED"
    Info (12134): Parameter "LPM_DREPRESENTATION" = "UNSIGNED"
Info (12021): Found 1 design units, including 1 entities, in source file db/lpm_divide_0dm.tdf
    Info (12023): Found entity 1: lpm_divide_0dm
Info (12021): Found 1 design units, including 1 entities, in source file db/sign_div_unsign_akh.tdf
    Info (12023): Found entity 1: sign_div_unsign_akh
Info (12021): Found 1 design units, including 1 entities, in source file db/alt_u_div_mve.tdf
    Info (12023): Found entity 1: alt_u_div_mve
Info (12130): Elaborated megafunction instantiation "lpm_divide:Div4"
Info (12133): Instantiated megafunction "lpm_divide:Div4" with the following parameter:
    Info (12134): Parameter "LPM_WIDTHN" = "8"
    Info (12134): Parameter "LPM_WIDTHD" = "7"
    Info (12134): Parameter "LPM_NREPRESENTATION" = "UNSIGNED"
    Info (12134): Parameter "LPM_DREPRESENTATION" = "UNSIGNED"
Info (12021): Found 1 design units, including 1 entities, in source file db/lpm_divide_4dm.tdf
    Info (12023): Found entity 1: lpm_divide_4dm
Info (12130): Elaborated megafunction instantiation "lpm_divide:Mod2"
Info (12133): Instantiated megafunction "lpm_divide:Mod2" with the following parameter:
    Info (12134): Parameter "LPM_WIDTHN" = "8"
    Info (12134): Parameter "LPM_WIDTHD" = "10"
    Info (12134): Parameter "LPM_NREPRESENTATION" = "UNSIGNED"
    Info (12134): Parameter "LPM_DREPRESENTATION" = "UNSIGNED"
Info (12021): Found 1 design units, including 1 entities, in source file db/lpm_divide_h6m.tdf
    Info (12023): Found entity 1: lpm_divide_h6m
Info (12021): Found 1 design units, including 1 entities, in source file db/sign_div_unsign_1nh.tdf
    Info (12023): Found entity 1: sign_div_unsign_1nh
Info (12021): Found 1 design units, including 1 entities, in source file db/alt_u_div_45f.tdf
    Info (12023): Found entity 1: alt_u_div_45f
Info (12130): Elaborated megafunction instantiation "lpm_divide:Div5"
Info (12133): Instantiated megafunction "lpm_divide:Div5" with the following parameter:
    Info (12134): Parameter "LPM_WIDTHN" = "10"
    Info (12134): Parameter "LPM_WIDTHD" = "7"
    Info (12134): Parameter "LPM_NREPRESENTATION" = "UNSIGNED"
    Info (12134): Parameter "LPM_DREPRESENTATION" = "UNSIGNED"
Info (12021): Found 1 design units, including 1 entities, in source file db/lpm_divide_dem.tdf
    Info (12023): Found entity 1: lpm_divide_dem
Info (12021): Found 1 design units, including 1 entities, in source file db/sign_div_unsign_nlh.tdf
    Info (12023): Found entity 1: sign_div_unsign_nlh
Info (12021): Found 1 design units, including 1 entities, in source file db/alt_u_div_g2f.tdf
    Info (12023): Found entity 1: alt_u_div_g2f
Warning (12241): 5 hierarchies have connectivity warnings - see the Connectivity Checks report folder
Warning (13024): Output pins are stuck at VCC or GND
    Warning (13410): Pin "result[7]" is stuck at GND
    Warning (13410): Pin "result[8]" is stuck at GND
    Warning (13410): Pin "result[9]" is stuck at GND
    Warning (13410): Pin "HEX0[7]" is stuck at GND
    Warning (13410): Pin "HEX1[7]" is stuck at GND
    Warning (13410): Pin "HEX2[1]" is stuck at GND
    Warning (13410): Pin "HEX2[2]" is stuck at GND
    Warning (13410): Pin "HEX2[6]" is stuck at VCC
    Warning (13410): Pin "HEX2[7]" is stuck at GND
    Warning (13410): Pin "HEX3[0]" is stuck at GND
    Warning (13410): Pin "HEX3[1]" is stuck at GND
    Warning (13410): Pin "HEX3[2]" is stuck at GND
    Warning (13410): Pin "HEX3[3]" is stuck at GND
    Warning (13410): Pin "HEX3[4]" is stuck at GND
    Warning (13410): Pin "HEX3[5]" is stuck at GND
    Warning (13410): Pin "HEX3[6]" is stuck at GND
    Warning (13410): Pin "HEX3[7]" is stuck at GND
Info (16010): Generating hard_block partition "hard_block:auto_generated_inst"
    Info (16011): Adding 0 node(s), including 0 DDIO, 0 PLL, 0 transceiver and 0 LCELL
Warning (21074): Design contains 1 input pin(s) that do not drive logic
    Warning (15610): No output dependent on input pin "latch_ula"
Info (21057): Implemented 330 device resources after synthesis - the final resource count might be different
    Info (21058): Implemented 12 input pins
    Info (21059): Implemented 42 output pins
    Info (21061): Implemented 276 logic cells
Info: Quartus II 64-Bit Analysis & Synthesis was successful. 0 errors, 38 warnings
    Info: Peak virtual memory: 741 megabytes
    Info: Processing ended: Wed Nov  9 15:58:21 2016
    Info: Elapsed time: 00:00:02
    Info: Total CPU time (on all processors): 00:00:02


